Using pre-set license
Built from '2021.1/china_unity/release' branch; Version is '2021.1.26f1c1 (d51e3907a44a) revision 13966905'; Using compiler version '192528614'; Build Type 'Release'
OS: 'Windows 10 Home China; OS build 19042.1288; Version 2009; 64bit' Language: 'zh' Physical Memory: 16196 MB
BatchMode: 1, IsHumanControllingUs: 0, StartBugReporterOnCrash: 0, Is64bit: 1, IsPro: 0

COMMAND LINE ARGUMENTS:
F:\Unity\Unity 2021.1.26f1c1\Editor\Unity.exe
-adb2
-batchMode
-noUpm
-name
AssetImportWorker0
-projectPath
F:/KuangjuX/作业/计算机图形学/Graphics-Lab/ArcadeCarPhysics
-logFile
Logs/AssetImportWorker0.log
-srvPort
58445
Successfully changed project path to: F:/KuangjuX/作业/计算机图形学/Graphics-Lab/ArcadeCarPhysics
F:/KuangjuX/作业/计算机图形学/Graphics-Lab/ArcadeCarPhysics
Using Asset Import Pipeline V2.
Refreshing native plugins compatible for Editor in 76.55 ms, found 2 plugins.
Preloading 0 native plugins for Editor in 0.00 ms.
Initialize engine version: 2021.1.26f1c1 (d51e3907a44a)
[Subsystems] Discovering subsystems at path F:/Unity/Unity 2021.1.26f1c1/Editor/Data/Resources/UnitySubsystems
[Subsystems] Discovering subsystems at path F:/KuangjuX/作业/计算机图形学/Graphics-Lab/ArcadeCarPhysics/Assets
GfxDevice: creating device client; threaded=0; jobified=0
Direct3D:
    Version:  Direct3D 11.0 [level 11.1]
    Renderer: NVIDIA GeForce GTX 1660 Ti (ID=0x2191)
    Vendor:   NVIDIA
    VRAM:     5991 MB
    Driver:   27.21.14.6231
Initialize mono
Mono path[0] = 'F:/Unity/Unity 2021.1.26f1c1/Editor/Data/Managed'
Mono path[1] = 'F:/Unity/Unity 2021.1.26f1c1/Editor/Data/MonoBleedingEdge/lib/mono/unityjit'
Mono config path = 'F:/Unity/Unity 2021.1.26f1c1/Editor/Data/MonoBleedingEdge/etc'
Using monoOptions --debugger-agent=transport=dt_socket,embedding=1,server=y,suspend=n,address=127.0.0.1:56616
Begin MonoManager ReloadAssembly
Registering precompiled unity dll's ...
Register platform support module: F:/Unity/Unity 2021.1.26f1c1/Editor/Data/PlaybackEngines/WindowsStandaloneSupport/UnityEditor.WindowsStandalone.Extensions.dll
Registered in 0.001676 seconds.
Native extension for WindowsStandalone target not found
Refreshing native plugins compatible for Editor in 65.72 ms, found 2 plugins.
Preloading 0 native plugins for Editor in 0.00 ms.
Mono: successfully reloaded assembly
- Completed reload, in  2.544 seconds
Domain Reload Profiling:
	ReloadAssembly (2544ms)
		BeginReloadAssembly (94ms)
			ExecutionOrderSort (0ms)
			DisableScriptedObjects (0ms)
			BackupInstance (0ms)
			ReleaseScriptingObjects (0ms)
			CreateAndSetChildDomain (1ms)
		EndReloadAssembly (769ms)
			LoadAssemblies (93ms)
			RebuildTransferFunctionScriptingTraits (0ms)
			SetupTypeCache (305ms)
			ReleaseScriptCaches (0ms)
			RebuildScriptCaches (49ms)
			SetupLoadedEditorAssemblies (339ms)
				LogAssemblyErrors (0ms)
				InitializePlatformSupportModulesInManaged (9ms)
				SetLoadedEditorAssemblies (0ms)
				RefreshPlugins (66ms)
				BeforeProcessingInitializeOnLoad (2ms)
				ProcessInitializeOnLoadAttributes (216ms)
				ProcessInitializeOnLoadMethodAttributes (46ms)
				AfterProcessingInitializeOnLoad (0ms)
				EditorAssembliesLoaded (0ms)
			ExecutionOrderSort2 (0ms)
			AwakeInstancesAfterBackupRestoration (0ms)
Platform modules already initialized, skipping
Registering precompiled user dll's ...
Registered in 0.014139 seconds.
Begin MonoManager ReloadAssembly
Native extension for WindowsStandalone target not found
Refreshing native plugins compatible for Editor in 0.75 ms, found 2 plugins.
Preloading 0 native plugins for Editor in 0.00 ms.
Mono: successfully reloaded assembly
- Completed reload, in  1.904 seconds
Domain Reload Profiling:
	ReloadAssembly (1905ms)
		BeginReloadAssembly (249ms)
			ExecutionOrderSort (0ms)
			DisableScriptedObjects (8ms)
			BackupInstance (0ms)
			ReleaseScriptingObjects (0ms)
			CreateAndSetChildDomain (32ms)
		EndReloadAssembly (1566ms)
			LoadAssemblies (205ms)
			RebuildTransferFunctionScriptingTraits (0ms)
			SetupTypeCache (500ms)
			ReleaseScriptCaches (1ms)
			RebuildScriptCaches (74ms)
			SetupLoadedEditorAssemblies (637ms)
				LogAssemblyErrors (0ms)
				InitializePlatformSupportModulesInManaged (6ms)
				SetLoadedEditorAssemblies (0ms)
				RefreshPlugins (1ms)
				BeforeProcessingInitializeOnLoad (83ms)
				ProcessInitializeOnLoadAttributes (422ms)
				ProcessInitializeOnLoadMethodAttributes (121ms)
				AfterProcessingInitializeOnLoad (4ms)
				EditorAssembliesLoaded (0ms)
			ExecutionOrderSort2 (0ms)
			AwakeInstancesAfterBackupRestoration (15ms)
Platform modules already initialized, skipping
========================================================================
Worker process is ready to serve import requests
Launched and connected shader compiler UnityShaderCompiler.exe after 0.13 seconds
Refreshing native plugins compatible for Editor in 1.44 ms, found 2 plugins.
Preloading 0 native plugins for Editor in 0.00 ms.
Unloading 2130 Unused Serialized files (Serialized files now loaded: 0)
System memory in use before: 97.9 MB.
System memory in use after: 96.0 MB.

Unloading 59 unused Assets to reduce memory usage. Loaded Objects now: 2560.
Total: 10.364700 ms (FindLiveObjects: 0.212000 ms CreateObjectMapping: 0.109800 ms MarkObjects: 9.452200 ms  DeleteObjects: 0.587800 ms)

AssetImportParameters requested are different than current active one (requested -> active):
  custom:framework-win-MediaFoundation: 216162199b28c13a410421893ffa2e32 -> 
  custom:video-decoder-ogg-theora: a1e56fd34408186e4bbccfd4996cb3dc -> 
  custom:container-muxer-webm: aa71ff27fc2769a1b78a27578f13a17b -> 
  custom:container-demuxer-webm: 4f35f7cbe854078d1ac9338744f61a02 -> 
  custom:container-demuxer-ogg: 62fdf1f143b41e24485cea50d1cbac27 -> 
  custom:video-encoder-webm-vp8: eb34c28f22e8b96e1ab97ce403110664 -> 
  custom:video-codec-MediaFoundation-h265: 746d11721c4dcdbdad8f713fa42b33f4 -> 
  custom:video-decoder-webm-vp8: 9c59270c3fd7afecdb556c50c9e8de78 -> 
  custom:audio-decoder-ogg-vorbis: bf7c407c2cedff20999df2af8eb42d56 -> 
  custom:audio-encoder-webm-vorbis: bf7c407c2cedff20999df2af8eb42d56 -> 
========================================================================
Received Import Request.
  path: Assets/Meshes/Barrier.fbx
  artifactKey: Guid(a42bd027dc198164abed9a17b9ee7d73) Importer(815301076,1909f56bfc062723c751e8b465ee728b)
Start importing Assets/Meshes/Barrier.fbx using Guid(a42bd027dc198164abed9a17b9ee7d73) Importer(815301076,1909f56bfc062723c751e8b465ee728b)  -> (artifact id: '066603128d7666774ac161023c3128ce') in 0.727021 seconds 
========================================================================
Received Import Request.
  Time since last request: 0.000250 seconds.
  path: Assets/PhysicMaterials
  artifactKey: Guid(e9f3f4ea468d77e4b90a41898d98214d) Importer(815301076,1909f56bfc062723c751e8b465ee728b)
Start importing Assets/PhysicMaterials using Guid(e9f3f4ea468d77e4b90a41898d98214d) Importer(815301076,1909f56bfc062723c751e8b465ee728b)  -> (artifact id: '6b4efa4f0a97e901ccb54018604c96eb') in 0.002618 seconds 
========================================================================
Received Import Request.
  Time since last request: 0.000265 seconds.
  path: Assets/PostFX
  artifactKey: Guid(9093bd60eb8e9804f898bdfb498cc956) Importer(815301076,1909f56bfc062723c751e8b465ee728b)
Start importing Assets/PostFX using Guid(9093bd60eb8e9804f898bdfb498cc956) Importer(815301076,1909f56bfc062723c751e8b465ee728b)  -> (artifact id: 'ba7f3baf11620056a88f8f91690dda13') in 0.002491 seconds 
========================================================================
Received Import Request.
  Time since last request: 0.000269 seconds.
  path: Assets/Meshes
  artifactKey: Guid(37184a7df4a08654a8843b3e8bef17ca) Importer(815301076,1909f56bfc062723c751e8b465ee728b)
Start importing Assets/Meshes using Guid(37184a7df4a08654a8843b3e8bef17ca) Importer(815301076,1909f56bfc062723c751e8b465ee728b)  -> (artifact id: 'c17ea190618513304dd99b261e2de48f') in 0.002311 seconds 
========================================================================
Received Import Request.
  Time since last request: 0.000389 seconds.
  path: Assets/HDRI/flower_road_2k.hdr
  artifactKey: Guid(dbeaac95db3653540aee0c04f87e88ed) Importer(815301076,1909f56bfc062723c751e8b465ee728b)
Start importing Assets/HDRI/flower_road_2k.hdr using Guid(dbeaac95db3653540aee0c04f87e88ed) Importer(815301076,1909f56bfc062723c751e8b465ee728b)  -> (artifact id: '60a63d1b38bcc8bae884c857614afd12') in 0.303752 seconds 
========================================================================
Received Import Request.
  Time since last request: 0.000299 seconds.
  path: Assets/PhysicMaterials/BallMaterial.physicMaterial
  artifactKey: Guid(4b32a25c7b0eb0743a070dc9dc20dc50) Importer(815301076,1909f56bfc062723c751e8b465ee728b)
Start importing Assets/PhysicMaterials/BallMaterial.physicMaterial using Guid(4b32a25c7b0eb0743a070dc9dc20dc50) Importer(815301076,1909f56bfc062723c751e8b465ee728b)  -> (artifact id: '82d50ec6f0d0ecb4ff1a0b66ce4f0155') in 0.007479 seconds 
========================================================================
Received Import Request.
  Time since last request: 0.000236 seconds.
  path: Assets/PhysicMaterials/BarrierMaterial.physicMaterial
  artifactKey: Guid(728bfa41fed1e0b4e8ae0ea6c2b04f00) Importer(815301076,1909f56bfc062723c751e8b465ee728b)
Start importing Assets/PhysicMaterials/BarrierMaterial.physicMaterial using Guid(728bfa41fed1e0b4e8ae0ea6c2b04f00) Importer(815301076,1909f56bfc062723c751e8b465ee728b)  -> (artifact id: 'bf99db8a57d2ecc358b6fa8e1e7b805a') in 0.002591 seconds 
========================================================================
Received Import Request.
  Time since last request: 0.000290 seconds.
  path: Assets/Meshes/Ramp.fbx
  artifactKey: Guid(275325e6df1caa64d87fca396302af60) Importer(815301076,1909f56bfc062723c751e8b465ee728b)
Start importing Assets/Meshes/Ramp.fbx using Guid(275325e6df1caa64d87fca396302af60) Importer(815301076,1909f56bfc062723c751e8b465ee728b)  -> (artifact id: '0c6425bd20f462e555324f4176a21a95') in 0.018177 seconds 
========================================================================
Received Import Request.
  Time since last request: 0.000288 seconds.
  path: Assets/HDRI
  artifactKey: Guid(43e7579ede5eb8c4790e49d20ee733f1) Importer(815301076,1909f56bfc062723c751e8b465ee728b)
Start importing Assets/HDRI using Guid(43e7579ede5eb8c4790e49d20ee733f1) Importer(815301076,1909f56bfc062723c751e8b465ee728b)  -> (artifact id: 'f1c1fa36f1e18cc28a486dc3d161036a') in 0.001967 seconds 
========================================================================
Received Import Request.
  Time since last request: 0.000227 seconds.
  path: Assets/PhysicMaterials/CarBody.physicMaterial
  artifactKey: Guid(3df7f3528e016d6499ff93d128f68e2d) Importer(815301076,1909f56bfc062723c751e8b465ee728b)
Start importing Assets/PhysicMaterials/CarBody.physicMaterial using Guid(3df7f3528e016d6499ff93d128f68e2d) Importer(815301076,1909f56bfc062723c751e8b465ee728b)  -> (artifact id: '0a1a6f50b89f495757105beb3d4e381c') in 0.002788 seconds 
========================================================================
Received Import Request.
  Time since last request: 0.000257 seconds.
  path: Assets/Meshes/Barrrel.fbx
  artifactKey: Guid(830f02f2bae888f409a621743f2ca166) Importer(815301076,1909f56bfc062723c751e8b465ee728b)
Start importing Assets/Meshes/Barrrel.fbx using Guid(830f02f2bae888f409a621743f2ca166) Importer(815301076,1909f56bfc062723c751e8b465ee728b)  -> (artifact id: '3f94b6297e7cc0f0972289d569435091') in 0.017663 seconds 
========================================================================
Received Import Request.
  Time since last request: 0.000315 seconds.
  path: Assets/Meshes/Cone.fbx
  artifactKey: Guid(b336add24760dc44cb3ded985727ab20) Importer(815301076,1909f56bfc062723c751e8b465ee728b)
Start importing Assets/Meshes/Cone.fbx using Guid(b336add24760dc44cb3ded985727ab20) Importer(815301076,1909f56bfc062723c751e8b465ee728b)  -> (artifact id: '3a8d007f2e7707c181e1a4892d752e98') in 0.022297 seconds 
========================================================================
Received Import Request.
  Time since last request: 0.000281 seconds.
  path: Assets/Meshes/MuscleCar.fbx
  artifactKey: Guid(eda2ad811165b5e49af9a4e8ca88cc4b) Importer(815301076,1909f56bfc062723c751e8b465ee728b)
Start importing Assets/Meshes/MuscleCar.fbx using Guid(eda2ad811165b5e49af9a4e8ca88cc4b) Importer(815301076,1909f56bfc062723c751e8b465ee728b)  -> (artifact id: 'df1e6ecb91b462f22909936f0aaf74f3') in 0.064673 seconds 
========================================================================
Received Import Request.
  Time since last request: 0.000305 seconds.
  path: Assets/HDRI/Sky.mat
  artifactKey: Guid(bb433971b5f203c4f9c98c71714b9bb1) Importer(815301076,1909f56bfc062723c751e8b465ee728b)
Start importing Assets/HDRI/Sky.mat using Guid(bb433971b5f203c4f9c98c71714b9bb1) Importer(815301076,1909f56bfc062723c751e8b465ee728b)  -> (artifact id: '3aeefd663b11d47577264acef6a2ab84') in 0.068413 seconds 
========================================================================
Received Import Request.
  Time since last request: 0.000241 seconds.
  path: Assets/PhysicMaterials/ConeMaterial.physicMaterial
  artifactKey: Guid(56660267280854640972cf259355b6d5) Importer(815301076,1909f56bfc062723c751e8b465ee728b)
Start importing Assets/PhysicMaterials/ConeMaterial.physicMaterial using Guid(56660267280854640972cf259355b6d5) Importer(815301076,1909f56bfc062723c751e8b465ee728b)  -> (artifact id: 'd49b7a4e7bc821a977f7faca96139264') in 0.002934 seconds 
========================================================================
Received Import Request.
  Time since last request: 0.000241 seconds.
  path: Assets/Meshes/CarWheel01.fbx
  artifactKey: Guid(5567b36b539381640958ccd34e067824) Importer(815301076,1909f56bfc062723c751e8b465ee728b)
Start importing Assets/Meshes/CarWheel01.fbx using Guid(5567b36b539381640958ccd34e067824) Importer(815301076,1909f56bfc062723c751e8b465ee728b)  -> (artifact id: '267d7fb07d872ccf20c7a591c62567b1') in 0.020488 seconds 
========================================================================
Received Import Request.
  Time since last request: 0.000314 seconds.
  path: Assets/PostFX/Profile.asset
  artifactKey: Guid(b2fee003345ebd443abad46746fa2bf2) Importer(815301076,1909f56bfc062723c751e8b465ee728b)
Start importing Assets/PostFX/Profile.asset using Guid(b2fee003345ebd443abad46746fa2bf2) Importer(815301076,1909f56bfc062723c751e8b465ee728b)  -> (artifact id: 'd5b68d74ddcb0683755235a0e27bd0a2') in 0.005665 seconds 
========================================================================
Received Import Request.
  Time since last request: 1.551764 seconds.
  path: Assets/Scenes
  artifactKey: Guid(4f704ae4b4f98ae41a0bce26658850c1) Importer(815301076,1909f56bfc062723c751e8b465ee728b)
Start importing Assets/Scenes using Guid(4f704ae4b4f98ae41a0bce26658850c1) Importer(815301076,1909f56bfc062723c751e8b465ee728b)  -> (artifact id: '1aca82992b6beeddaa6663b47a6390a7') in 0.002220 seconds 
========================================================================
Received Import Request.
  Time since last request: 0.044429 seconds.
  path: Assets/Scenes/LevelTerrain.asset
  artifactKey: Guid(67b1ca7c24db819448a6779c908ca302) Importer(815301076,1909f56bfc062723c751e8b465ee728b)
Start importing Assets/Scenes/LevelTerrain.asset using Guid(67b1ca7c24db819448a6779c908ca302) Importer(815301076,1909f56bfc062723c751e8b465ee728b)  -> (artifact id: '78a282f1ffc2feff32ad5d4a6e3c3fdd') in 0.182826 seconds 
========================================================================
Received Import Request.
  Time since last request: 2.127119 seconds.
  path: Assets/Scripts
  artifactKey: Guid(ae3ad65dc7c0c0044b71d736360a3ead) Importer(815301076,1909f56bfc062723c751e8b465ee728b)
Start importing Assets/Scripts using Guid(ae3ad65dc7c0c0044b71d736360a3ead) Importer(815301076,1909f56bfc062723c751e8b465ee728b)  -> (artifact id: 'aa933c1f595bdeb49bbd2eb10cdbde58') in 0.004772 seconds 
========================================================================
Received Import Request.
  Time since last request: 1.880998 seconds.
  path: Assets/Scripts/ArcadeCar.cs
  artifactKey: Guid(58fd1be0c9a83a3448a7f2dc7cf589d4) Importer(815301076,1909f56bfc062723c751e8b465ee728b)
Start importing Assets/Scripts/ArcadeCar.cs using Guid(58fd1be0c9a83a3448a7f2dc7cf589d4) Importer(815301076,1909f56bfc062723c751e8b465ee728b)  -> (artifact id: '8fc3036a80c7a178c783a3a2884cc81a') in 0.011768 seconds 
========================================================================
Received Prepare
Registering precompiled user dll's ...
Registered in 0.013572 seconds.
Begin MonoManager ReloadAssembly
Native extension for WindowsStandalone target not found
Refreshing native plugins compatible for Editor in 1.52 ms, found 2 plugins.
Preloading 0 native plugins for Editor in 0.00 ms.
Mono: successfully reloaded assembly
- Completed reload, in  2.364 seconds
Domain Reload Profiling:
	ReloadAssembly (2364ms)
		BeginReloadAssembly (207ms)
			ExecutionOrderSort (0ms)
			DisableScriptedObjects (9ms)
			BackupInstance (0ms)
			ReleaseScriptingObjects (0ms)
			CreateAndSetChildDomain (65ms)
		EndReloadAssembly (2067ms)
			LoadAssemblies (169ms)
			RebuildTransferFunctionScriptingTraits (0ms)
			SetupTypeCache (499ms)
			ReleaseScriptCaches (1ms)
			RebuildScriptCaches (106ms)
			SetupLoadedEditorAssemblies (946ms)
				LogAssemblyErrors (0ms)
				InitializePlatformSupportModulesInManaged (13ms)
				SetLoadedEditorAssemblies (1ms)
				RefreshPlugins (2ms)
				BeforeProcessingInitializeOnLoad (109ms)
				ProcessInitializeOnLoadAttributes (620ms)
				ProcessInitializeOnLoadMethodAttributes (196ms)
				AfterProcessingInitializeOnLoad (5ms)
				EditorAssembliesLoaded (1ms)
			ExecutionOrderSort2 (0ms)
			AwakeInstancesAfterBackupRestoration (35ms)
Platform modules already initialized, skipping
Refreshing native plugins compatible for Editor in 1.09 ms, found 2 plugins.
Preloading 0 native plugins for Editor in 0.00 ms.
Unloading 2124 Unused Serialized files (Serialized files now loaded: 0)
System memory in use before: 110.0 MB.
System memory in use after: 108.1 MB.

Unloading 50 unused Assets to reduce memory usage. Loaded Objects now: 2639.
Total: 18.667500 ms (FindLiveObjects: 0.328200 ms CreateObjectMapping: 0.219700 ms MarkObjects: 17.326100 ms  DeleteObjects: 0.791600 ms)

AssetImportParameters requested are different than current active one (requested -> active):
  custom:framework-win-MediaFoundation: 216162199b28c13a410421893ffa2e32 -> 
  custom:video-decoder-ogg-theora: a1e56fd34408186e4bbccfd4996cb3dc -> 
  custom:container-muxer-webm: aa71ff27fc2769a1b78a27578f13a17b -> 
  custom:container-demuxer-webm: 4f35f7cbe854078d1ac9338744f61a02 -> 
  custom:container-demuxer-ogg: 62fdf1f143b41e24485cea50d1cbac27 -> 
  custom:video-encoder-webm-vp8: eb34c28f22e8b96e1ab97ce403110664 -> 
  custom:video-codec-MediaFoundation-h265: 746d11721c4dcdbdad8f713fa42b33f4 -> 
  custom:video-decoder-webm-vp8: 9c59270c3fd7afecdb556c50c9e8de78 -> 
  custom:audio-decoder-ogg-vorbis: bf7c407c2cedff20999df2af8eb42d56 -> 
  custom:audio-encoder-webm-vorbis: bf7c407c2cedff20999df2af8eb42d56 -> 
========================================================================
Received Import Request.
  Time since last request: 219.147239 seconds.
  path: Assets/Scripts/CameraCar.cs
  artifactKey: Guid(657eea08583d231468861d4d4e828b67) Importer(815301076,1909f56bfc062723c751e8b465ee728b)
Start importing Assets/Scripts/CameraCar.cs using Guid(657eea08583d231468861d4d4e828b67) Importer(815301076,1909f56bfc062723c751e8b465ee728b)  -> (artifact id: 'bb26c9a27dc4ef478ff74af7e775a622') in 0.012126 seconds 
AssetImportWorkerClient::OnTransportError - code=2 error=End of file
